#
# A fatal error has been detected by the Java Runtime Environment:
#
#  SIGSEGV (0xb) at pc=0x000000010a14f354, pid=5108, tid=5891
#
# JRE version: Java(TM) SE Runtime Environment (13.0+33) (build 13+33)
# Java VM: Java HotSpot(TM) 64-Bit Server VM (13+33, mixed mode, sharing, tiered, compressed oops, g1 gc, bsd-amd64)
# Problematic frame:
# V  [libjvm.dylib+0x74f354]  EnableIf<HasDecorator<1097844ull, MO_UNORDERED>::value, oopDesc*>::type RawAccessBarrier<1097844ull>::load_internal<1097844ull, oopDesc*>(void*)+0x4
#
# No core dump will be written. Core dumps have been disabled. To enable core dumping, try "ulimit -c unlimited" before starting Java again
#
# If you would like to submit a bug report, please visit:
#   http://bugreport.java.com/bugreport/crash.jsp
#

---------------  S U M M A R Y ------------

Command Line: -Dfile.encoding=UTF-8 org.apache.catalina.startup.Tomcat$1

Host: MacBookAir8,2 x86_64 1600 MHz, 4 cores, 8G, Darwin 19.0.0
Time: Wed Nov  6 13:26:26 2019 CST elapsed time: 0 seconds (0d 0h 0m 0s)

---------------  T H R E A D  ---------------

Current thread (0x00007ffc6780a000):  JavaThread "main" [_thread_in_vm, id=5891, stack(0x000070000b300000,0x000070000b400000)]

Stack: [0x000070000b300000,0x000070000b400000],  sp=0x000070000b3ffdb0,  free space=1023k
Native frames: (J=compiled Java code, A=aot compiled Java code, j=interpreted, Vv=VM code, C=native code)
V  [libjvm.dylib+0x74f354]  EnableIf<HasDecorator<1097844ull, MO_UNORDERED>::value, oopDesc*>::type RawAccessBarrier<1097844ull>::load_internal<1097844ull, oopDesc*>(void*)+0x4
V  [libjvm.dylib+0x74f319]  oopDesc* RawAccessBarrier<1097844ull>::oop_load<oopDesc*>(void*)+0x9
V  [libjvm.dylib+0x74f38b]  oopDesc* G1BarrierSet::AccessBarrier<1097844ull, G1BarrierSet>::oop_load_not_in_heap<oopDesc*>(oopDesc**)+0xb
V  [libjvm.dylib+0x3e2d15]  jni_GetStringUTFChars+0xde
C  [libjli.dylib+0x70bc]  PostJVMInit+0xad
C  [libjli.dylib+0x4a01]  JavaMain+0xa4f
C  [libjli.dylib+0x6d64]  ThreadJavaMain+0x9
C  [libsystem_pthread.dylib+0x5d76]  _pthread_start+0x7d
C  [libsystem_pthread.dylib+0x25d7]  thread_start+0xf


siginfo: si_signo: 11 (SIGSEGV), si_code: 1 (SEGV_MAPERR), si_addr: 0x0000000000000000

Register to memory mapping:

RAX=0x0 is NULL
RBX=0x00007ffc6780a310 points into unknown readable memory: e0 1d 35 0a 01 00 00 00
RCX=0x000000010a351de0: jni_NativeInterface+0 in /Library/Java/JavaVirtualMachines/jdk-13.jdk/Contents/Home/lib/server/libjvm.dylib at 0x0000000109a00000
RDX=0x0 is NULL
RSP=0x000070000b3ffdb0 is pointing into the stack for thread: 0x00007ffc6780a000
RBP=0x000070000b3ffdb0 is pointing into the stack for thread: 0x00007ffc6780a000
RSI=0x0 is NULL
RDI=0x0 is NULL
R8 ={method} {0x000000080032b840} 'getCanonicalName' '()Ljava/lang/String;' in 'java/lang/Class'
R9 =0x00007ffc6650ce30 points into unknown readable memory: 40 b8 32 00 08 00 00 00
R10=0x000000010a3ce510: _ZN19TemplateInterpreter13_active_tableE+0x4800 in /Library/Java/JavaVirtualMachines/jdk-13.jdk/Contents/Home/lib/server/libjvm.dylib at 0x0000000109a00000
R11=0x00000008009d4000 is pointing into metadata
R12=0x00007ffc6780a000 is a thread
R13=0x0 is NULL
R14=0x0 is NULL
R15=0x0 is NULL


Registers:
RAX=0x0000000000000000, RBX=0x00007ffc6780a310, RCX=0x000000010a351de0, RDX=0x0000000000000000
RSP=0x000070000b3ffdb0, RBP=0x000070000b3ffdb0, RSI=0x0000000000000000, RDI=0x0000000000000000
R8 =0x000000080032b840, R9 =0x00007ffc6650ce30, R10=0x000000010a3ce510, R11=0x00000008009d4000
R12=0x00007ffc6780a000, R13=0x0000000000000000, R14=0x0000000000000000, R15=0x0000000000000000
RIP=0x000000010a14f354, EFLAGS=0x0000000000010246, ERR=0x0000000000000004
  TRAPNO=0x000000000000000e

Top of Stack: (sp=0x000070000b3ffdb0)
0x000070000b3ffdb0:   000070000b3ffdc0 000000010a14f319
0x000070000b3ffdc0:   000070000b3ffde0 000000010a14f38b
0x000070000b3ffdd0:   0000000000000000 00007ffc6780a310
0x000070000b3ffde0:   000070000b3ffe80 0000000109de2d15
0x000070000b3ffdf0:   000070000b3ffe10 000000010a14c233
0x000070000b3ffe00:   000000010a3c3901 00007ffc6780a000
0x000070000b3ffe10:   000070000b3ffe30 000000010a14c4ca
0x000070000b3ffe20:   00007ffc6780a000 0000000000000000
0x000070000b3ffe30:   000070000b3ffe50 000000010a14c49c
0x000070000b3ffe40:   00007ffc6780a000 00007ffc6780a310
0x000070000b3ffe50:   000070000b3ffe80 00007ffc6780a310
0x000070000b3ffe60:   00007ffc6650dd80 0000000000000000
0x000070000b3ffe70:   0000000000000000 00007ffc6650dd88
0x000070000b3ffe80:   000070000b3fff10 00000001090610bc
0x000070000b3ffe90:   000000010a3c3901 00007ffc6780a000
0x000070000b3ffea0:   000070000b3ffec0 000000010a14c4ca
0x000070000b3ffeb0:   00007ffc6650d270 00007ffc6780a000
0x000070000b3ffec0:   000070000b3ffee0 000000010a14c49c
0x000070000b3ffed0:   00007ffc6650cf20 0000000000000000
0x000070000b3ffee0:   000070000b3fff10 016d2115f19100df
0x000070000b3ffef0:   00007ffc6780a310 00007ffc6650dd80
0x000070000b3fff00:   00007ffc6650dd98 00007ffc6650dd88
0x000070000b3fff10:   000070000b3fffa0 000000010905ea01
0x000070000b3fff20:   0000000000000000 0000016e4237b370
0x000070000b3fff30:   0000000400010002 00007ffc6640bcf0
0x000070000b3fff40:   0000000000000000 0000000000000000
0x000070000b3fff50:   00007ffc6640ac38 0000000000000001
0x000070000b3fff60:   00007ffc6640abe0 00007ffc6780a310
0x000070000b3fff70:   000000010a351dd8 000070000b400000
0x000070000b3fff80:   0000000000000000 0000000000000000
0x000070000b3fff90:   0000000000000000 0000000000000000
0x000070000b3fffa0:   000070000b3fffb0 0000000109060d64 

Instructions: (pc=0x000000010a14f354)
0x000000010a14f254:   c1 5d c3 48 8d 3d 19 cd 05 00 48 8d 15 18 ce 05
0x000000010a14f264:   00 be ef 00 00 00 31 c0 e8 1c f4 b0 ff e8 b8 6e
0x000000010a14f274:   ed ff 31 c0 5d c3 66 0f 1f 44 00 00 55 48 89 e5
0x000000010a14f284:   e8 67 fc ff ff 48 89 c7 e8 6f fc ff ff ff c8 83
0x000000010a14f294:   f8 03 73 0f 48 98 48 8d 0d ef 5d 1f 00 48 8b 04
0x000000010a14f2a4:   c1 5d c3 48 8d 3d c9 cc 05 00 48 8d 15 c8 cd 05
0x000000010a14f2b4:   00 be ef 00 00 00 31 c0 e8 cc f3 b0 ff e8 68 6e
0x000000010a14f2c4:   ed ff 31 c0 5d c3 66 0f 1f 44 00 00 55 48 89 e5
0x000000010a14f2d4:   5d e9 26 00 00 00 66 0f 1f 44 00 00 55 48 89 e5
0x000000010a14f2e4:   5d e9 86 00 00 00 66 0f 1f 44 00 00 55 48 89 e5
0x000000010a14f2f4:   5d e9 86 00 00 00 66 0f 1f 44 00 00 55 48 89 e5
0x000000010a14f304:   5d e9 06 00 00 00 66 0f 1f 44 00 00 55 48 89 e5
0x000000010a14f314:   e8 17 00 00 00 48 89 c7 5d e9 1e 00 00 00 66 66
0x000000010a14f324:   66 66 66 2e 0f 1f 84 00 00 00 00 00 55 48 89 e5
0x000000010a14f334:   5d e9 16 00 00 00 66 0f 1f 44 00 00 55 48 89 e5
0x000000010a14f344:   5d e9 16 00 00 00 66 0f 1f 44 00 00 55 48 89 e5
0x000000010a14f354:   48 8b 07 5d c3 0f 1f 80 00 00 00 00 55 48 89 e5
0x000000010a14f364:   48 89 f8 5d c3 0f 1f 80 00 00 00 00 55 48 89 e5
0x000000010a14f374:   5d e9 96 ff ff ff 66 0f 1f 44 00 00 55 48 89 e5
0x000000010a14f384:   53 50 e8 25 00 00 00 48 89 c3 bf 74 c0 10 00 48
0x000000010a14f394:   89 de e8 75 fc ff ff 48 89 d8 48 83 c4 08 5b 5d
0x000000010a14f3a4:   c3 66 66 2e 0f 1f 84 00 00 00 00 00 55 48 89 e5
0x000000010a14f3b4:   5d e9 56 ff ff ff 66 0f 1f 44 00 00 55 48 89 e5
0x000000010a14f3c4:   5d e9 26 00 00 00 66 0f 1f 44 00 00 55 48 89 e5
0x000000010a14f3d4:   5d e9 86 00 00 00 66 0f 1f 44 00 00 55 48 89 e5
0x000000010a14f3e4:   5d e9 86 00 00 00 66 0f 1f 44 00 00 55 48 89 e5
0x000000010a14f3f4:   5d e9 06 00 00 00 66 0f 1f 44 00 00 55 48 89 e5
0x000000010a14f404:   e8 17 00 00 00 48 89 c7 5d e9 1e 00 00 00 66 66
0x000000010a14f414:   66 66 66 2e 0f 1f 84 00 00 00 00 00 55 48 89 e5
0x000000010a14f424:   5d e9 16 00 00 00 66 0f 1f 44 00 00 55 48 89 e5
0x000000010a14f434:   5d e9 16 00 00 00 66 0f 1f 44 00 00 55 48 89 e5
0x000000010a14f444:   48 8b 07 5d c3 0f 1f 80 00 00 00 00 55 48 89 e5 


Stack slot to memory mapping:
stack at sp + 0 slots: 0x000070000b3ffdc0 is pointing into the stack for thread: 0x00007ffc6780a000
stack at sp + 1 slots: 0x000000010a14f319: _ZN16RawAccessBarrierILy1097844EE8oop_loadIP7oopDescEET_Pv+0x9 in /Library/Java/JavaVirtualMachines/jdk-13.jdk/Contents/Home/lib/server/libjvm.dylib at 0x0000000109a00000
stack at sp + 2 slots: 0x000070000b3ffde0 is pointing into the stack for thread: 0x00007ffc6780a000
stack at sp + 3 slots: 0x000000010a14f38b: _ZN12G1BarrierSet13AccessBarrierILy1097844ES_E20oop_load_not_in_heapIP7oopDescEES4_PT_+0xb in /Library/Java/JavaVirtualMachines/jdk-13.jdk/Contents/Home/lib/server/libjvm.dylib at 0x0000000109a00000
stack at sp + 4 slots: 0x0 is NULL
stack at sp + 5 slots: 0x00007ffc6780a310 points into unknown readable memory: e0 1d 35 0a 01 00 00 00
stack at sp + 6 slots: 0x000070000b3ffe80 is pointing into the stack for thread: 0x00007ffc6780a000
stack at sp + 7 slots: 0x0000000109de2d15: jni_GetStringUTFChars+0xde in /Library/Java/JavaVirtualMachines/jdk-13.jdk/Contents/Home/lib/server/libjvm.dylib at 0x0000000109a00000


---------------  P R O C E S S  ---------------

Threads class SMR info:
_java_thread_list=0x00007ffc66600220, length=9, elements={
0x00007ffc6780a000, 0x00007ffc68012800, 0x00007ffc67007800, 0x00007ffc68014800,
0x00007ffc68013800, 0x00007ffc68017800, 0x00007ffc66817000, 0x00007ffc6680a800,
0x00007ffc67014800
}

Java Threads: ( => current thread )
=>0x00007ffc6780a000 JavaThread "main" [_thread_in_vm, id=5891, stack(0x000070000b300000,0x000070000b400000)]
  0x00007ffc68012800 JavaThread "Reference Handler" daemon [_thread_blocked, id=14595, stack(0x000070000ba15000,0x000070000bb15000)]
  0x00007ffc67007800 JavaThread "Finalizer" daemon [_thread_blocked, id=14851, stack(0x000070000bb18000,0x000070000bc18000)]
  0x00007ffc68014800 JavaThread "Signal Dispatcher" daemon [_thread_blocked, id=21763, stack(0x000070000bd21000,0x000070000be21000)]
  0x00007ffc68013800 JavaThread "C2 CompilerThread0" daemon [_thread_blocked, id=43011, stack(0x000070000be24000,0x000070000bf24000)]
  0x00007ffc68017800 JavaThread "C1 CompilerThread0" daemon [_thread_blocked, id=42243, stack(0x000070000bf27000,0x000070000c027000)]
  0x00007ffc66817000 JavaThread "Sweeper thread" daemon [_thread_blocked, id=41731, stack(0x000070000c02a000,0x000070000c12a000)]
  0x00007ffc6680a800 JavaThread "Service Thread" daemon [_thread_blocked, id=41475, stack(0x000070000c12d000,0x000070000c22d000)]
  0x00007ffc67014800 JavaThread "Common-Cleaner" daemon [_thread_blocked, id=24067, stack(0x000070000c333000,0x000070000c433000)]

Other Threads:
  0x00007ffc67014000 VMThread "VM Thread" [stack: 0x000070000b912000,0x000070000ba12000] [id=13571]
  0x00007ffc6806e000 WatcherThread [stack: 0x000070000c230000,0x000070000c330000] [id=23299]
  0x00007ffc6782b800 GCTaskThread "GC Thread#0" [stack: 0x000070000b403000,0x000070000b503000] [id=20739]
  0x00007ffc6783c000 ConcurrentGCThread "G1 Main Marker" [stack: 0x000070000b506000,0x000070000b606000] [id=20483]
  0x00007ffc6783d000 ConcurrentGCThread "G1 Conc#0" [stack: 0x000070000b609000,0x000070000b709000] [id=19971]
  0x00007ffc6788d800 ConcurrentGCThread "G1 Refine#0" [stack: 0x000070000b70c000,0x000070000b80c000] [id=12291]
  0x00007ffc6788e800 ConcurrentGCThread "G1 Young RemSet Sampling" [stack: 0x000070000b80f000,0x000070000b90f000] [id=19203]

Threads with active compile tasks:

VM state:not at safepoint (normal execution)

VM Mutex/Monitor currently owned by a thread: None

Heap address: 0x0000000780000000, size: 2048 MB, Compressed Oops mode: Zero based, Oop shift amount: 3
Narrow klass base: 0x0000000800000000, Narrow klass shift: 3
Compressed class space size: 1073741824 Address: 0x0000000800ae9000

Heap:
 garbage-first heap   total 133120K, used 1784K [0x0000000780000000, 0x0000000800000000)
  region size 1024K, 2 young (2048K), 0 survivors (0K)
 Metaspace       used 623K, capacity 4862K, committed 5120K, reserved 1056768K
  class space    used 42K, capacity 426K, committed 512K, reserved 1048576K
Heap Regions: E=young(eden), S=young(survivor), O=old, HS=humongous(starts), HC=humongous(continues), CS=collection set, F=free, A=archive, TAMS=top-at-mark-start (previous, next)
|   0|0x0000000780000000, 0x0000000780000000, 0x0000000780100000|  0%| F|  |TAMS 0x0000000780000000, 0x0000000780000000| Untracked 
|   1|0x0000000780100000, 0x0000000780100000, 0x0000000780200000|  0%| F|  |TAMS 0x0000000780100000, 0x0000000780100000| Untracked 
|   2|0x0000000780200000, 0x0000000780200000, 0x0000000780300000|  0%| F|  |TAMS 0x0000000780200000, 0x0000000780200000| Untracked 
|   3|0x0000000780300000, 0x0000000780300000, 0x0000000780400000|  0%| F|  |TAMS 0x0000000780300000, 0x0000000780300000| Untracked 
|   4|0x0000000780400000, 0x0000000780400000, 0x0000000780500000|  0%| F|  |TAMS 0x0000000780400000, 0x0000000780400000| Untracked 
|   5|0x0000000780500000, 0x0000000780500000, 0x0000000780600000|  0%| F|  |TAMS 0x0000000780500000, 0x0000000780500000| Untracked 
|   6|0x0000000780600000, 0x0000000780600000, 0x0000000780700000|  0%| F|  |TAMS 0x0000000780600000, 0x0000000780600000| Untracked 
|   7|0x0000000780700000, 0x0000000780700000, 0x0000000780800000|  0%| F|  |TAMS 0x0000000780700000, 0x0000000780700000| Untracked 
|   8|0x0000000780800000, 0x0000000780800000, 0x0000000780900000|  0%| F|  |TAMS 0x0000000780800000, 0x0000000780800000| Untracked 
|   9|0x0000000780900000, 0x0000000780900000, 0x0000000780a00000|  0%| F|  |TAMS 0x0000000780900000, 0x0000000780900000| Untracked 
|  10|0x0000000780a00000, 0x0000000780a00000, 0x0000000780b00000|  0%| F|  |TAMS 0x0000000780a00000, 0x0000000780a00000| Untracked 
|  11|0x0000000780b00000, 0x0000000780b00000, 0x0000000780c00000|  0%| F|  |TAMS 0x0000000780b00000, 0x0000000780b00000| Untracked 
|  12|0x0000000780c00000, 0x0000000780c00000, 0x0000000780d00000|  0%| F|  |TAMS 0x0000000780c00000, 0x0000000780c00000| Untracked 
|  13|0x0000000780d00000, 0x0000000780d00000, 0x0000000780e00000|  0%| F|  |TAMS 0x0000000780d00000, 0x0000000780d00000| Untracked 
|  14|0x0000000780e00000, 0x0000000780e00000, 0x0000000780f00000|  0%| F|  |TAMS 0x0000000780e00000, 0x0000000780e00000| Untracked 
|  15|0x0000000780f00000, 0x0000000780f00000, 0x0000000781000000|  0%| F|  |TAMS 0x0000000780f00000, 0x0000000780f00000| Untracked 
|  16|0x0000000781000000, 0x0000000781000000, 0x0000000781100000|  0%| F|  |TAMS 0x0000000781000000, 0x0000000781000000| Untracked 
|  17|0x0000000781100000, 0x0000000781100000, 0x0000000781200000|  0%| F|  |TAMS 0x0000000781100000, 0x0000000781100000| Untracked 
|  18|0x0000000781200000, 0x0000000781200000, 0x0000000781300000|  0%| F|  |TAMS 0x0000000781200000, 0x0000000781200000| Untracked 
|  19|0x0000000781300000, 0x0000000781300000, 0x0000000781400000|  0%| F|  |TAMS 0x0000000781300000, 0x0000000781300000| Untracked 
|  20|0x0000000781400000, 0x0000000781400000, 0x0000000781500000|  0%| F|  |TAMS 0x0000000781400000, 0x0000000781400000| Untracked 
|  21|0x0000000781500000, 0x0000000781500000, 0x0000000781600000|  0%| F|  |TAMS 0x0000000781500000, 0x0000000781500000| Untracked 
|  22|0x0000000781600000, 0x0000000781600000, 0x0000000781700000|  0%| F|  |TAMS 0x0000000781600000, 0x0000000781600000| Untracked 
|  23|0x0000000781700000, 0x0000000781700000, 0x0000000781800000|  0%| F|  |TAMS 0x0000000781700000, 0x0000000781700000| Untracked 
|  24|0x0000000781800000, 0x0000000781800000, 0x0000000781900000|  0%| F|  |TAMS 0x0000000781800000, 0x0000000781800000| Untracked 
|  25|0x0000000781900000, 0x0000000781900000, 0x0000000781a00000|  0%| F|  |TAMS 0x0000000781900000, 0x0000000781900000| Untracked 
|  26|0x0000000781a00000, 0x0000000781a00000, 0x0000000781b00000|  0%| F|  |TAMS 0x0000000781a00000, 0x0000000781a00000| Untracked 
|  27|0x0000000781b00000, 0x0000000781b00000, 0x0000000781c00000|  0%| F|  |TAMS 0x0000000781b00000, 0x0000000781b00000| Untracked 
|  28|0x0000000781c00000, 0x0000000781c00000, 0x0000000781d00000|  0%| F|  |TAMS 0x0000000781c00000, 0x0000000781c00000| Untracked 
|  29|0x0000000781d00000, 0x0000000781d00000, 0x0000000781e00000|  0%| F|  |TAMS 0x0000000781d00000, 0x0000000781d00000| Untracked 
|  30|0x0000000781e00000, 0x0000000781e00000, 0x0000000781f00000|  0%| F|  |TAMS 0x0000000781e00000, 0x0000000781e00000| Untracked 
|  31|0x0000000781f00000, 0x0000000781f00000, 0x0000000782000000|  0%| F|  |TAMS 0x0000000781f00000, 0x0000000781f00000| Untracked 
|  32|0x0000000782000000, 0x0000000782000000, 0x0000000782100000|  0%| F|  |TAMS 0x0000000782000000, 0x0000000782000000| Untracked 
|  33|0x0000000782100000, 0x0000000782100000, 0x0000000782200000|  0%| F|  |TAMS 0x0000000782100000, 0x0000000782100000| Untracked 
|  34|0x0000000782200000, 0x0000000782200000, 0x0000000782300000|  0%| F|  |TAMS 0x0000000782200000, 0x0000000782200000| Untracked 
|  35|0x0000000782300000, 0x0000000782300000, 0x0000000782400000|  0%| F|  |TAMS 0x0000000782300000, 0x0000000782300000| Untracked 
|  36|0x0000000782400000, 0x0000000782400000, 0x0000000782500000|  0%| F|  |TAMS 0x0000000782400000, 0x0000000782400000| Untracked 
|  37|0x0000000782500000, 0x0000000782500000, 0x0000000782600000|  0%| F|  |TAMS 0x0000000782500000, 0x0000000782500000| Untracked 
|  38|0x0000000782600000, 0x0000000782600000, 0x0000000782700000|  0%| F|  |TAMS 0x0000000782600000, 0x0000000782600000| Untracked 
|  39|0x0000000782700000, 0x0000000782700000, 0x0000000782800000|  0%| F|  |TAMS 0x0000000782700000, 0x0000000782700000| Untracked 
|  40|0x0000000782800000, 0x0000000782800000, 0x0000000782900000|  0%| F|  |TAMS 0x0000000782800000, 0x0000000782800000| Untracked 
|  41|0x0000000782900000, 0x0000000782900000, 0x0000000782a00000|  0%| F|  |TAMS 0x0000000782900000, 0x0000000782900000| Untracked 
|  42|0x0000000782a00000, 0x0000000782a00000, 0x0000000782b00000|  0%| F|  |TAMS 0x0000000782a00000, 0x0000000782a00000| Untracked 
|  43|0x0000000782b00000, 0x0000000782b00000, 0x0000000782c00000|  0%| F|  |TAMS 0x0000000782b00000, 0x0000000782b00000| Untracked 
|  44|0x0000000782c00000, 0x0000000782c00000, 0x0000000782d00000|  0%| F|  |TAMS 0x0000000782c00000, 0x0000000782c00000| Untracked 
|  45|0x0000000782d00000, 0x0000000782d00000, 0x0000000782e00000|  0%| F|  |TAMS 0x0000000782d00000, 0x0000000782d00000| Untracked 
|  46|0x0000000782e00000, 0x0000000782e00000, 0x0000000782f00000|  0%| F|  |TAMS 0x0000000782e00000, 0x0000000782e00000| Untracked 
|  47|0x0000000782f00000, 0x0000000782f00000, 0x0000000783000000|  0%| F|  |TAMS 0x0000000782f00000, 0x0000000782f00000| Untracked 
|  48|0x0000000783000000, 0x0000000783000000, 0x0000000783100000|  0%| F|  |TAMS 0x0000000783000000, 0x0000000783000000| Untracked 
|  49|0x0000000783100000, 0x0000000783100000, 0x0000000783200000|  0%| F|  |TAMS 0x0000000783100000, 0x0000000783100000| Untracked 
|  50|0x0000000783200000, 0x0000000783200000, 0x0000000783300000|  0%| F|  |TAMS 0x0000000783200000, 0x0000000783200000| Untracked 
|  51|0x0000000783300000, 0x0000000783300000, 0x0000000783400000|  0%| F|  |TAMS 0x0000000783300000, 0x0000000783300000| Untracked 
|  52|0x0000000783400000, 0x0000000783400000, 0x0000000783500000|  0%| F|  |TAMS 0x0000000783400000, 0x0000000783400000| Untracked 
|  53|0x0000000783500000, 0x0000000783500000, 0x0000000783600000|  0%| F|  |TAMS 0x0000000783500000, 0x0000000783500000| Untracked 
|  54|0x0000000783600000, 0x0000000783600000, 0x0000000783700000|  0%| F|  |TAMS 0x0000000783600000, 0x0000000783600000| Untracked 
|  55|0x0000000783700000, 0x0000000783700000, 0x0000000783800000|  0%| F|  |TAMS 0x0000000783700000, 0x0000000783700000| Untracked 
|  56|0x0000000783800000, 0x0000000783800000, 0x0000000783900000|  0%| F|  |TAMS 0x0000000783800000, 0x0000000783800000| Untracked 
|  57|0x0000000783900000, 0x0000000783900000, 0x0000000783a00000|  0%| F|  |TAMS 0x0000000783900000, 0x0000000783900000| Untracked 
|  58|0x0000000783a00000, 0x0000000783a00000, 0x0000000783b00000|  0%| F|  |TAMS 0x0000000783a00000, 0x0000000783a00000| Untracked 
|  59|0x0000000783b00000, 0x0000000783b00000, 0x0000000783c00000|  0%| F|  |TAMS 0x0000000783b00000, 0x0000000783b00000| Untracked 
|  60|0x0000000783c00000, 0x0000000783c00000, 0x0000000783d00000|  0%| F|  |TAMS 0x0000000783c00000, 0x0000000783c00000| Untracked 
|  61|0x0000000783d00000, 0x0000000783d00000, 0x0000000783e00000|  0%| F|  |TAMS 0x0000000783d00000, 0x0000000783d00000| Untracked 
|  62|0x0000000783e00000, 0x0000000783e00000, 0x0000000783f00000|  0%| F|  |TAMS 0x0000000783e00000, 0x0000000783e00000| Untracked 
|  63|0x0000000783f00000, 0x0000000783f00000, 0x0000000784000000|  0%| F|  |TAMS 0x0000000783f00000, 0x0000000783f00000| Untracked 
|  64|0x0000000784000000, 0x0000000784000000, 0x0000000784100000|  0%| F|  |TAMS 0x0000000784000000, 0x0000000784000000| Untracked 
|  65|0x0000000784100000, 0x0000000784100000, 0x0000000784200000|  0%| F|  |TAMS 0x0000000784100000, 0x0000000784100000| Untracked 
|  66|0x0000000784200000, 0x0000000784200000, 0x0000000784300000|  0%| F|  |TAMS 0x0000000784200000, 0x0000000784200000| Untracked 
|  67|0x0000000784300000, 0x0000000784300000, 0x0000000784400000|  0%| F|  |TAMS 0x0000000784300000, 0x0000000784300000| Untracked 
|  68|0x0000000784400000, 0x0000000784400000, 0x0000000784500000|  0%| F|  |TAMS 0x0000000784400000, 0x0000000784400000| Untracked 
|  69|0x0000000784500000, 0x0000000784500000, 0x0000000784600000|  0%| F|  |TAMS 0x0000000784500000, 0x0000000784500000| Untracked 
|  70|0x0000000784600000, 0x0000000784600000, 0x0000000784700000|  0%| F|  |TAMS 0x0000000784600000, 0x0000000784600000| Untracked 
|  71|0x0000000784700000, 0x0000000784700000, 0x0000000784800000|  0%| F|  |TAMS 0x0000000784700000, 0x0000000784700000| Untracked 
|  72|0x0000000784800000, 0x0000000784800000, 0x0000000784900000|  0%| F|  |TAMS 0x0000000784800000, 0x0000000784800000| Untracked 
|  73|0x0000000784900000, 0x0000000784900000, 0x0000000784a00000|  0%| F|  |TAMS 0x0000000784900000, 0x0000000784900000| Untracked 
|  74|0x0000000784a00000, 0x0000000784a00000, 0x0000000784b00000|  0%| F|  |TAMS 0x0000000784a00000, 0x0000000784a00000| Untracked 
|  75|0x0000000784b00000, 0x0000000784b00000, 0x0000000784c00000|  0%| F|  |TAMS 0x0000000784b00000, 0x0000000784b00000| Untracked 
|  76|0x0000000784c00000, 0x0000000784c00000, 0x0000000784d00000|  0%| F|  |TAMS 0x0000000784c00000, 0x0000000784c00000| Untracked 
|  77|0x0000000784d00000, 0x0000000784d00000, 0x0000000784e00000|  0%| F|  |TAMS 0x0000000784d00000, 0x0000000784d00000| Untracked 
|  78|0x0000000784e00000, 0x0000000784e00000, 0x0000000784f00000|  0%| F|  |TAMS 0x0000000784e00000, 0x0000000784e00000| Untracked 
|  79|0x0000000784f00000, 0x0000000784f00000, 0x0000000785000000|  0%| F|  |TAMS 0x0000000784f00000, 0x0000000784f00000| Untracked 
|  80|0x0000000785000000, 0x0000000785000000, 0x0000000785100000|  0%| F|  |TAMS 0x0000000785000000, 0x0000000785000000| Untracked 
|  81|0x0000000785100000, 0x0000000785100000, 0x0000000785200000|  0%| F|  |TAMS 0x0000000785100000, 0x0000000785100000| Untracked 
|  82|0x0000000785200000, 0x0000000785200000, 0x0000000785300000|  0%| F|  |TAMS 0x0000000785200000, 0x0000000785200000| Untracked 
|  83|0x0000000785300000, 0x0000000785300000, 0x0000000785400000|  0%| F|  |TAMS 0x0000000785300000, 0x0000000785300000| Untracked 
|  84|0x0000000785400000, 0x0000000785400000, 0x0000000785500000|  0%| F|  |TAMS 0x0000000785400000, 0x0000000785400000| Untracked 
|  85|0x0000000785500000, 0x0000000785500000, 0x0000000785600000|  0%| F|  |TAMS 0x0000000785500000, 0x0000000785500000| Untracked 
|  86|0x0000000785600000, 0x0000000785600000, 0x0000000785700000|  0%| F|  |TAMS 0x0000000785600000, 0x0000000785600000| Untracked 
|  87|0x0000000785700000, 0x0000000785700000, 0x0000000785800000|  0%| F|  |TAMS 0x0000000785700000, 0x0000000785700000| Untracked 
|  88|0x0000000785800000, 0x0000000785800000, 0x0000000785900000|  0%| F|  |TAMS 0x0000000785800000, 0x0000000785800000| Untracked 
|  89|0x0000000785900000, 0x0000000785900000, 0x0000000785a00000|  0%| F|  |TAMS 0x0000000785900000, 0x0000000785900000| Untracked 
|  90|0x0000000785a00000, 0x0000000785a00000, 0x0000000785b00000|  0%| F|  |TAMS 0x0000000785a00000, 0x0000000785a00000| Untracked 
|  91|0x0000000785b00000, 0x0000000785b00000, 0x0000000785c00000|  0%| F|  |TAMS 0x0000000785b00000, 0x0000000785b00000| Untracked 
|  92|0x0000000785c00000, 0x0000000785c00000, 0x0000000785d00000|  0%| F|  |TAMS 0x0000000785c00000, 0x0000000785c00000| Untracked 
|  93|0x0000000785d00000, 0x0000000785d00000, 0x0000000785e00000|  0%| F|  |TAMS 0x0000000785d00000, 0x0000000785d00000| Untracked 
|  94|0x0000000785e00000, 0x0000000785e00000, 0x0000000785f00000|  0%| F|  |TAMS 0x0000000785e00000, 0x0000000785e00000| Untracked 
|  95|0x0000000785f00000, 0x0000000785f00000, 0x0000000786000000|  0%| F|  |TAMS 0x0000000785f00000, 0x0000000785f00000| Untracked 
|  96|0x0000000786000000, 0x0000000786000000, 0x0000000786100000|  0%| F|  |TAMS 0x0000000786000000, 0x0000000786000000| Untracked 
|  97|0x0000000786100000, 0x0000000786100000, 0x0000000786200000|  0%| F|  |TAMS 0x0000000786100000, 0x0000000786100000| Untracked 
|  98|0x0000000786200000, 0x0000000786200000, 0x0000000786300000|  0%| F|  |TAMS 0x0000000786200000, 0x0000000786200000| Untracked 
|  99|0x0000000786300000, 0x0000000786300000, 0x0000000786400000|  0%| F|  |TAMS 0x0000000786300000, 0x0000000786300000| Untracked 
| 100|0x0000000786400000, 0x0000000786400000, 0x0000000786500000|  0%| F|  |TAMS 0x0000000786400000, 0x0000000786400000| Untracked 
| 101|0x0000000786500000, 0x0000000786500000, 0x0000000786600000|  0%| F|  |TAMS 0x0000000786500000, 0x0000000786500000| Untracked 
| 102|0x0000000786600000, 0x0000000786600000, 0x0000000786700000|  0%| F|  |TAMS 0x0000000786600000, 0x0000000786600000| Untracked 
| 103|0x0000000786700000, 0x0000000786700000, 0x0000000786800000|  0%| F|  |TAMS 0x0000000786700000, 0x0000000786700000| Untracked 
| 104|0x0000000786800000, 0x0000000786800000, 0x0000000786900000|  0%| F|  |TAMS 0x0000000786800000, 0x0000000786800000| Untracked 
| 105|0x0000000786900000, 0x0000000786900000, 0x0000000786a00000|  0%| F|  |TAMS 0x0000000786900000, 0x0000000786900000| Untracked 
| 106|0x0000000786a00000, 0x0000000786a00000, 0x0000000786b00000|  0%| F|  |TAMS 0x0000000786a00000, 0x0000000786a00000| Untracked 
| 107|0x0000000786b00000, 0x0000000786b00000, 0x0000000786c00000|  0%| F|  |TAMS 0x0000000786b00000, 0x0000000786b00000| Untracked 
| 108|0x0000000786c00000, 0x0000000786c00000, 0x0000000786d00000|  0%| F|  |TAMS 0x0000000786c00000, 0x0000000786c00000| Untracked 
| 109|0x0000000786d00000, 0x0000000786d00000, 0x0000000786e00000|  0%| F|  |TAMS 0x0000000786d00000, 0x0000000786d00000| Untracked 
| 110|0x0000000786e00000, 0x0000000786e00000, 0x0000000786f00000|  0%| F|  |TAMS 0x0000000786e00000, 0x0000000786e00000| Untracked 
| 111|0x0000000786f00000, 0x0000000786f00000, 0x0000000787000000|  0%| F|  |TAMS 0x0000000786f00000, 0x0000000786f00000| Untracked 
| 112|0x0000000787000000, 0x0000000787000000, 0x0000000787100000|  0%| F|  |TAMS 0x0000000787000000, 0x0000000787000000| Untracked 
| 113|0x0000000787100000, 0x0000000787100000, 0x0000000787200000|  0%| F|  |TAMS 0x0000000787100000, 0x0000000787100000| Untracked 
| 114|0x0000000787200000, 0x0000000787200000, 0x0000000787300000|  0%| F|  |TAMS 0x0000000787200000, 0x0000000787200000| Untracked 
| 115|0x0000000787300000, 0x0000000787300000, 0x0000000787400000|  0%| F|  |TAMS 0x0000000787300000, 0x0000000787300000| Untracked 
| 116|0x0000000787400000, 0x0000000787400000, 0x0000000787500000|  0%| F|  |TAMS 0x0000000787400000, 0x0000000787400000| Untracked 
| 117|0x0000000787500000, 0x0000000787500000, 0x0000000787600000|  0%| F|  |TAMS 0x0000000787500000, 0x0000000787500000| Untracked 
| 118|0x0000000787600000, 0x0000000787600000, 0x0000000787700000|  0%| F|  |TAMS 0x0000000787600000, 0x0000000787600000| Untracked 
| 119|0x0000000787700000, 0x0000000787700000, 0x0000000787800000|  0%| F|  |TAMS 0x0000000787700000, 0x0000000787700000| Untracked 
| 120|0x0000000787800000, 0x0000000787800000, 0x0000000787900000|  0%| F|  |TAMS 0x0000000787800000, 0x0000000787800000| Untracked 
| 121|0x0000000787900000, 0x0000000787900000, 0x0000000787a00000|  0%| F|  |TAMS 0x0000000787900000, 0x0000000787900000| Untracked 
| 122|0x0000000787a00000, 0x0000000787a00000, 0x0000000787b00000|  0%| F|  |TAMS 0x0000000787a00000, 0x0000000787a00000| Untracked 
| 123|0x0000000787b00000, 0x0000000787b00000, 0x0000000787c00000|  0%| F|  |TAMS 0x0000000787b00000, 0x0000000787b00000| Untracked 
| 124|0x0000000787c00000, 0x0000000787c00000, 0x0000000787d00000|  0%| F|  |TAMS 0x0000000787c00000, 0x0000000787c00000| Untracked 
| 125|0x0000000787d00000, 0x0000000787d00000, 0x0000000787e00000|  0%| F|  |TAMS 0x0000000787d00000, 0x0000000787d00000| Untracked 
| 126|0x0000000787e00000, 0x0000000787f00000, 0x0000000787f00000|100%| E|  |TAMS 0x0000000787e00000, 0x0000000787e00000| Complete 
| 127|0x0000000787f00000, 0x0000000788000000, 0x0000000788000000|100%| E|CS|TAMS 0x0000000787f00000, 0x0000000787f00000| Complete 
|1022|0x00000007bfe00000, 0x00000007bfe47000, 0x00000007bff00000| 27%|OA|  |TAMS 0x00000007bfe00000, 0x00000007bfe00000| Untracked 
|1023|0x00000007bff00000, 0x00000007bff77000, 0x00000007c0000000| 46%|CA|  |TAMS 0x00000007bff00000, 0x00000007bff00000| Untracked 

Card table byte_map: [0x0000000122877000,0x0000000122c77000] _byte_map_base: 0x000000011ec77000

Marking Bits (Prev, Next): (CMBitMap*) 0x00007ffc6780de18, (CMBitMap*) 0x00007ffc6780de58
 Prev Bits: [0x0000000123077000, 0x0000000125077000)
 Next Bits: [0x0000000125077000, 0x0000000127077000)

Polling page: 0x00000001090be000

Metaspace:

Usage:
  Non-class:      4.33 MB capacity,   580.55 KB ( 13%) used,     3.76 MB ( 87%) free+waste,   704 bytes ( <1%) overhead. 
      Class:    426.00 KB capacity,    42.62 KB ( 10%) used,   382.94 KB ( 90%) free+waste,   448 bytes ( <1%) overhead. 
       Both:      4.75 MB capacity,   623.17 KB ( 13%) used,     4.14 MB ( 87%) free+waste,     1.12 KB ( <1%) overhead. 

Virtual space:
  Non-class space:        8.00 MB reserved,       4.50 MB ( 56%) committed 
      Class space:        1.00 GB reserved,     512.00 KB ( <1%) committed 
             Both:        1.01 GB reserved,       5.00 MB ( <1%) committed 

Chunk freelists:
   Non-Class:  16.00 KB
       Class:  18.00 KB
        Both:  34.00 KB

MaxMetaspaceSize: unlimited
CompressedClassSpaceSize: 1.00 GB

CodeHeap 'non-profiled nmethods': size=120032Kb used=31Kb max_used=31Kb free=120000Kb
 bounds [0x000000011ab3f000, 0x000000011adaf000, 0x0000000122077000]
CodeHeap 'profiled nmethods': size=120032Kb used=225Kb max_used=225Kb free=119806Kb
 bounds [0x0000000113607000, 0x0000000113877000, 0x000000011ab3f000]
CodeHeap 'non-nmethods': size=5696Kb used=1065Kb max_used=1077Kb free=4631Kb
 bounds [0x0000000113077000, 0x00000001132e7000, 0x0000000113607000]
 total_blobs=491 nmethods=145 adapters=196
 compilation: enabled
              stopped_count=0, restarted_count=0
 full_count=0

Compilation events (20 events):
Event: 0.136 Thread 0x00007ffc68017800  137       3       java.lang.AbstractStringBuilder::isLatin1 (19 bytes)
Event: 0.136 Thread 0x00007ffc68017800 nmethod 137 0x0000000113638190 code [0x0000000113638320, 0x0000000113638510]
Event: 0.137 Thread 0x00007ffc68017800  138       3       java.lang.AbstractStringBuilder::newCapacity (55 bytes)
Event: 0.137 Thread 0x00007ffc68013800 nmethod 130% 0x000000011ab46210 code [0x000000011ab463a0, 0x000000011ab46618]
Event: 0.137 Thread 0x00007ffc68013800  136       4       java.util.concurrent.ConcurrentHashMap::spread (10 bytes)
Event: 0.137 Thread 0x00007ffc68017800 nmethod 138 0x0000000113638590 code [0x0000000113638740, 0x00000001136389e8]
Event: 0.137 Thread 0x00007ffc68013800 nmethod 136 0x000000011ab46710 code [0x000000011ab46880, 0x000000011ab468d8]
Event: 0.138 Thread 0x00007ffc68017800  139       3       java.lang.StringCoding::encodeUTF8 (132 bytes)
Event: 0.138 Thread 0x00007ffc68017800 nmethod 139 0x0000000113638b10 code [0x0000000113638d40, 0x00000001136397c8]
Event: 0.138 Thread 0x00007ffc68017800  140       3       java.util.zip.ZipCoder$UTF8::getBytes (10 bytes)
Event: 0.139 Thread 0x00007ffc68017800 nmethod 140 0x0000000113639b10 code [0x0000000113639ce0, 0x000000011363a008]
Event: 0.139 Thread 0x00007ffc68017800  141       3       java.lang.System$2::getBytesUTF8NoRepl (5 bytes)
Event: 0.139 Thread 0x00007ffc68017800 nmethod 141 0x000000011363a190 code [0x000000011363a340, 0x000000011363a608]
Event: 0.139 Thread 0x00007ffc68017800  142       3       java.lang.StringCoding::getBytesUTF8NoRepl (13 bytes)
Event: 0.139 Thread 0x00007ffc68017800 nmethod 142 0x000000011363a710 code [0x000000011363a8c0, 0x000000011363aae8]
Event: 0.139 Thread 0x00007ffc68017800  144       3       java.util.concurrent.ConcurrentHashMap::get (162 bytes)
Event: 0.140 Thread 0x00007ffc68017800 nmethod 144 0x000000011363ac10 code [0x000000011363ae60, 0x000000011363bc38]
Event: 0.140 Thread 0x00007ffc68017800  143       1       java.util.jar.Attributes$Name::hashCode (5 bytes)
Event: 0.140 Thread 0x00007ffc68017800 nmethod 143 0x000000011ab46a10 code [0x000000011ab46ba0, 0x000000011ab46cd0]
Event: 0.140 Thread 0x00007ffc68017800  145  s!   3       jdk.internal.loader.URLClassPath::getLoader (194 bytes)

GC Heap History (0 events):
No events

Deoptimization events (0 events):
No events

Classes unloaded (0 events):
No events

Classes redefined (0 events):
No events

Internal exceptions (0 events):
No events

Events (20 events):
Event: 0.130 loading class org/apache/catalina/Context
Event: 0.130 loading class org/apache/catalina/Context done
Event: 0.130 loading class org/apache/tomcat/ContextBind
Event: 0.130 loading class org/apache/tomcat/ContextBind done
Event: 0.131 loading class org/apache/tomcat/util/descriptor/web/SecurityConstraint
Event: 0.131 loading class org/apache/tomcat/util/descriptor/web/SecurityConstraint done
Event: 0.134 loading class org/apache/tomcat/util/descriptor/web/XmlEncodingBase
Event: 0.134 loading class org/apache/tomcat/util/descriptor/web/XmlEncodingBase done
Event: 0.135 loading class org/apache/catalina/connector/Response
Event: 0.135 loading class org/apache/catalina/connector/Response done
Event: 0.137 loading class javax/servlet/http/HttpServletResponse
Event: 0.137 loading class javax/servlet/http/HttpServletResponse done
Event: 0.138 loading class javax/servlet/ServletResponse
Event: 0.138 loading class javax/servlet/ServletResponse done
Event: 0.139 loading class org/apache/catalina/Wrapper
Event: 0.139 loading class org/apache/catalina/Wrapper done
Event: 0.140 loading class org/apache/catalina/startup/Tomcat
Event: 0.140 loading class org/apache/catalina/startup/Tomcat done
Event: 0.142 loading class java/lang/Class$EnclosingMethodInfo
Event: 0.142 loading class java/lang/Class$EnclosingMethodInfo done


Dynamic libraries:
0x00007fff67278000 	/usr/lib/libz.1.dylib
0x000000010905a000 	/Library/Java/JavaVirtualMachines/jdk-13.jdk/Contents/Home/lib/libjli.dylib
0x00007fff2fc76000 	/System/Library/Frameworks/Cocoa.framework/Versions/A/Cocoa
0x00007fff3d21d000 	/System/Library/Frameworks/Security.framework/Versions/A/Security
0x00007fff2ec1c000 	/System/Library/Frameworks/ApplicationServices.framework/Versions/A/ApplicationServices
0x00007fff64d80000 	/usr/lib/libSystem.B.dylib
0x00007fff67cef000 	/usr/lib/system/libcache.dylib
0x00007fff67cf5000 	/usr/lib/system/libcommonCrypto.dylib
0x00007fff67d01000 	/usr/lib/system/libcompiler_rt.dylib
0x00007fff67d09000 	/usr/lib/system/libcopyfile.dylib
0x00007fff67d13000 	/usr/lib/system/libcorecrypto.dylib
0x00007fff67ec1000 	/usr/lib/system/libdispatch.dylib
0x00007fff67f03000 	/usr/lib/system/libdyld.dylib
0x00007fff67f39000 	/usr/lib/system/libkeymgr.dylib
0x00007fff67f47000 	/usr/lib/system/liblaunch.dylib
0x00007fff67f48000 	/usr/lib/system/libmacho.dylib
0x00007fff67f4e000 	/usr/lib/system/libquarantine.dylib
0x00007fff67f51000 	/usr/lib/system/libremovefile.dylib
0x00007fff67f53000 	/usr/lib/system/libsystem_asl.dylib
0x00007fff67f6b000 	/usr/lib/system/libsystem_blocks.dylib
0x00007fff67f6c000 	/usr/lib/system/libsystem_c.dylib
0x00007fff67ff4000 	/usr/lib/system/libsystem_configuration.dylib
0x00007fff67ff8000 	/usr/lib/system/libsystem_coreservices.dylib
0x00007fff67ffc000 	/usr/lib/system/libsystem_darwin.dylib
0x00007fff68004000 	/usr/lib/system/libsystem_dnssd.dylib
0x00007fff6800c000 	/usr/lib/system/libsystem_featureflags.dylib
0x00007fff6800e000 	/usr/lib/system/libsystem_info.dylib
0x00007fff68089000 	/usr/lib/system/libsystem_m.dylib
0x00007fff680d1000 	/usr/lib/system/libsystem_malloc.dylib
0x00007fff680f9000 	/usr/lib/system/libsystem_networkextension.dylib
0x00007fff68107000 	/usr/lib/system/libsystem_notify.dylib
0x00007fff68126000 	/usr/lib/system/libsystem_sandbox.dylib
0x00007fff6812b000 	/usr/lib/system/libsystem_secinit.dylib
0x00007fff6805c000 	/usr/lib/system/libsystem_kernel.dylib
0x00007fff68111000 	/usr/lib/system/libsystem_platform.dylib
0x00007fff6811b000 	/usr/lib/system/libsystem_pthread.dylib
0x00007fff6812e000 	/usr/lib/system/libsystem_symptoms.dylib
0x00007fff68136000 	/usr/lib/system/libsystem_trace.dylib
0x00007fff6814e000 	/usr/lib/system/libunwind.dylib
0x00007fff68154000 	/usr/lib/system/libxpc.dylib
0x00007fff66ba3000 	/usr/lib/libobjc.A.dylib
0x00007fff650b2000 	/usr/lib/libc++abi.dylib
0x00007fff6505e000 	/usr/lib/libc++.1.dylib
0x00007fff30bdb000 	/System/Library/Frameworks/CoreFoundation.framework/Versions/A/CoreFoundation
0x00007fff33296000 	/System/Library/Frameworks/Foundation.framework/Versions/C/Foundation
0x00007fff2de20000 	/System/Library/Frameworks/AppKit.framework/Versions/C/AppKit
0x00007fff306f5000 	/System/Library/Frameworks/CoreData.framework/Versions/A/CoreData
0x00007fff61631000 	/System/Library/PrivateFrameworks/UIFoundation.framework/Versions/A/UIFoundation
0x00007fff5bed1000 	/System/Library/PrivateFrameworks/RemoteViewServices.framework/Versions/A/RemoteViewServices
0x00007fff640b1000 	/System/Library/PrivateFrameworks/XCTTargetBootstrap.framework/Versions/A/XCTTargetBootstrap
0x00007fff30ad0000 	/System/Library/Frameworks/CoreDisplay.framework/Versions/A/CoreDisplay
0x00007fff35fce000 	/System/Library/Frameworks/Metal.framework/Versions/A/Metal
0x00007fff4a43e000 	/System/Library/PrivateFrameworks/DesktopServicesPriv.framework/Versions/A/DesktopServicesPriv
0x00007fff65e9b000 	/usr/lib/liblangid.dylib
0x00007fff4959a000 	/System/Library/PrivateFrameworks/CoreSVG.framework/Versions/A/CoreSVG
0x00007fff5ec01000 	/System/Library/PrivateFrameworks/SkyLight.framework/Versions/A/SkyLight
0x00007fff3105c000 	/System/Library/Frameworks/CoreGraphics.framework/Versions/A/CoreGraphics
0x00007fff2c9c1000 	/System/Library/Frameworks/Accelerate.framework/Versions/A/Accelerate
0x00007fff67169000 	/usr/lib/libxml2.2.dylib
0x00007fff55009000 	/System/Library/PrivateFrameworks/IconServices.framework/Versions/A/IconServices
0x00007fff33a54000 	/System/Library/Frameworks/IOSurface.framework/Versions/A/IOSurface
0x00007fff648b9000 	/usr/lib/libDiagnosticMessagesClient.dylib
0x00007fff4a2b8000 	/System/Library/PrivateFrameworks/DFRFoundation.framework/Versions/A/DFRFoundation
0x00007fff65c29000 	/usr/lib/libicucore.A.dylib
0x00007fff2ef4e000 	/System/Library/Frameworks/AudioToolbox.framework/Versions/A/AudioToolbox
0x00007fff2f030000 	/System/Library/Frameworks/AudioUnit.framework/Versions/A/AudioUnit
0x00007fff64f82000 	/usr/lib/libauto.dylib
0x00007fff4a338000 	/System/Library/PrivateFrameworks/DataDetectorsCore.framework/Versions/A/DataDetectorsCore
0x00007fff2f797000 	/System/Library/Frameworks/Carbon.framework/Versions/A/Frameworks/HIToolbox.framework/Versions/A/HIToolbox
0x00007fff3c415000 	/System/Library/Frameworks/QuartzCore.framework/Versions/A/QuartzCore
0x00007fff2fad6000 	/System/Library/Frameworks/Carbon.framework/Versions/A/Frameworks/SpeechRecognition.framework/Versions/A/SpeechRecognition
0x00007fff49c3a000 	/System/Library/PrivateFrameworks/CoreUI.framework/Versions/A/CoreUI
0x00007fff3015b000 	/System/Library/Frameworks/CoreAudio.framework/Versions/A/CoreAudio
0x00007fff32f63000 	/System/Library/Frameworks/DiskArbitration.framework/Versions/A/DiskArbitration
0x00007fff570ef000 	/System/Library/PrivateFrameworks/MultitouchSupport.framework/Versions/A/MultitouchSupport
0x00007fff65af4000 	/usr/lib/libenergytrace.dylib
0x00007fff339af000 	/System/Library/Frameworks/IOKit.framework/Versions/A/IOKit
0x00007fff31fc2000 	/System/Library/Frameworks/CoreServices.framework/Versions/A/CoreServices
0x00007fff59144000 	/System/Library/PrivateFrameworks/PerformanceAnalysis.framework/Versions/A/PerformanceAnalysis
0x00007fff3b44d000 	/System/Library/Frameworks/OpenGL.framework/Versions/A/OpenGL
0x00007fff2fc84000 	/System/Library/Frameworks/ColorSync.framework/Versions/A/ColorSync
0x00007fff316e3000 	/System/Library/Frameworks/CoreImage.framework/Versions/A/CoreImage
0x00007fff32a36000 	/System/Library/Frameworks/CoreText.framework/Versions/A/CoreText
0x00007fff33ad7000 	/System/Library/Frameworks/ImageIO.framework/Versions/A/ImageIO
0x00007fff650da000 	/usr/lib/libcompression.dylib
0x00007fff64bfa000 	/usr/lib/libMobileGestalt.dylib
0x00007fff60724000 	/System/Library/PrivateFrameworks/TextureIO.framework/Versions/A/TextureIO
0x00007fff64ee8000 	/usr/lib/libate.dylib
0x00007fff5520f000 	/System/Library/PrivateFrameworks/InternationalSupport.framework/Versions/A/InternationalSupport
0x00007fff65e9d000 	/usr/lib/liblzma.5.dylib
0x00007fff65b1c000 	/usr/lib/libfakelink.dylib
0x00007fff64e75000 	/usr/lib/libarchive.2.dylib
0x00007fff3e431000 	/System/Library/Frameworks/SystemConfiguration.framework/Versions/A/SystemConfiguration
0x00007fff647ea000 	/usr/lib/libCRFSuite.dylib
0x00007fff2f3a6000 	/System/Library/Frameworks/CFNetwork.framework/Versions/A/CFNetwork
0x00007fff65040000 	/usr/lib/libbsm.0.dylib
0x00007fff67f3a000 	/usr/lib/system/libkxld.dylib
0x00007fff43e37000 	/System/Library/PrivateFrameworks/AppleFSCompression.framework/Versions/A/AppleFSCompression
0x00007fff653b3000 	/usr/lib/libcoretls.dylib
0x00007fff653ca000 	/usr/lib/libcoretls_cfhelpers.dylib
0x00007fff66be7000 	/usr/lib/libpam.2.dylib
0x00007fff66d16000 	/usr/lib/libsqlite3.dylib
0x00007fff67156000 	/usr/lib/libxar.1.dylib
0x00007fff65051000 	/usr/lib/libbz2.1.0.dylib
0x00007fff65b38000 	/usr/lib/libiconv.2.dylib
0x00007fff650c7000 	/usr/lib/libcharset.1.dylib
0x00007fff66693000 	/usr/lib/libnetwork.dylib
0x00007fff66bee000 	/usr/lib/libpcap.A.dylib
0x00007fff64e2a000 	/usr/lib/libapple_nghttp2.dylib
0x00007fff32379000 	/System/Library/Frameworks/CoreServices.framework/Versions/A/Frameworks/FSEvents.framework/Versions/A/FSEvents
0x00007fff32049000 	/System/Library/Frameworks/CoreServices.framework/Versions/A/Frameworks/CarbonCore.framework/Versions/A/CarbonCore
0x00007fff325bb000 	/System/Library/Frameworks/CoreServices.framework/Versions/A/Frameworks/Metadata.framework/Versions/A/Metadata
0x00007fff32654000 	/System/Library/Frameworks/CoreServices.framework/Versions/A/Frameworks/OSServices.framework/Versions/A/OSServices
0x00007fff32682000 	/System/Library/Frameworks/CoreServices.framework/Versions/A/Frameworks/SearchKit.framework/Versions/A/SearchKit
0x00007fff31fc3000 	/System/Library/Frameworks/CoreServices.framework/Versions/A/Frameworks/AE.framework/Versions/A/AE
0x00007fff32382000 	/System/Library/Frameworks/CoreServices.framework/Versions/A/Frameworks/LaunchServices.framework/Versions/A/LaunchServices
0x00007fff3232b000 	/System/Library/Frameworks/CoreServices.framework/Versions/A/Frameworks/DictionaryServices.framework/Versions/A/DictionaryServices
0x00007fff326ea000 	/System/Library/Frameworks/CoreServices.framework/Versions/A/Frameworks/SharedFileList.framework/Versions/A/SharedFileList
0x00007fff372a3000 	/System/Library/Frameworks/NetFS.framework/Versions/A/NetFS
0x00007fff5758f000 	/System/Library/PrivateFrameworks/NetAuth.framework/Versions/A/NetAuth
0x00007fff6447a000 	/System/Library/PrivateFrameworks/login.framework/Versions/A/Frameworks/loginsupport.framework/Versions/A/loginsupport
0x00007fff6022a000 	/System/Library/PrivateFrameworks/TCC.framework/Versions/A/TCC
0x00007fff48978000 	/System/Library/PrivateFrameworks/CoreNLP.framework/Versions/A/CoreNLP
0x00007fff56b20000 	/System/Library/PrivateFrameworks/MetadataUtilities.framework/Versions/A/MetadataUtilities
0x00007fff65f75000 	/usr/lib/libmecabra.dylib
0x00007fff65ecd000 	/usr/lib/libmecab.dylib
0x00007fff65b2d000 	/usr/lib/libgermantok.dylib
0x00007fff64e11000 	/usr/lib/libThaiTokenizer.dylib
0x00007fff64822000 	/usr/lib/libChineseTokenizer.dylib
0x00007fff2c9d9000 	/System/Library/Frameworks/Accelerate.framework/Versions/A/Frameworks/vImage.framework/Versions/A/vImage
0x00007fff2dc7b000 	/System/Library/Frameworks/Accelerate.framework/Versions/A/Frameworks/vecLib.framework/Versions/A/vecLib
0x00007fff2dbbf000 	/System/Library/Frameworks/Accelerate.framework/Versions/A/Frameworks/vecLib.framework/Versions/A/libvMisc.dylib
0x00007fff2d9e5000 	/System/Library/Frameworks/Accelerate.framework/Versions/A/Frameworks/vecLib.framework/Versions/A/libvDSP.dylib
0x00007fff2d045000 	/System/Library/Frameworks/Accelerate.framework/Versions/A/Frameworks/vecLib.framework/Versions/A/libBLAS.dylib
0x00007fff2d59f000 	/System/Library/Frameworks/Accelerate.framework/Versions/A/Frameworks/vecLib.framework/Versions/A/libLAPACK.dylib
0x00007fff2d945000 	/System/Library/Frameworks/Accelerate.framework/Versions/A/Frameworks/vecLib.framework/Versions/A/libLinearAlgebra.dylib
0x00007fff2d9d2000 	/System/Library/Frameworks/Accelerate.framework/Versions/A/Frameworks/vecLib.framework/Versions/A/libSparseBLAS.dylib
0x00007fff2d95b000 	/System/Library/Frameworks/Accelerate.framework/Versions/A/Frameworks/vecLib.framework/Versions/A/libQuadrature.dylib
0x00007fff2d2ae000 	/System/Library/Frameworks/Accelerate.framework/Versions/A/Frameworks/vecLib.framework/Versions/A/libBNNS.dylib
0x00007fff2d961000 	/System/Library/Frameworks/Accelerate.framework/Versions/A/Frameworks/vecLib.framework/Versions/A/libSparse.dylib
0x00007fff555ce000 	/System/Library/PrivateFrameworks/LanguageModeling.framework/Versions/A/LanguageModeling
0x00007fff4831c000 	/System/Library/PrivateFrameworks/CoreEmoji.framework/Versions/A/CoreEmoji
0x00007fff556eb000 	/System/Library/PrivateFrameworks/LinguisticData.framework/Versions/A/LinguisticData
0x00007fff5569c000 	/System/Library/PrivateFrameworks/Lexicon.framework/Versions/A/Lexicon
0x00007fff650c8000 	/usr/lib/libcmph.dylib
0x00007fff39e73000 	/System/Library/Frameworks/OpenDirectory.framework/Versions/A/Frameworks/CFOpenDirectory.framework/Versions/A/CFOpenDirectory
0x00007fff39e90000 	/System/Library/Frameworks/OpenDirectory.framework/Versions/A/OpenDirectory
0x00007fff421ef000 	/System/Library/PrivateFrameworks/APFS.framework/Versions/A/APFS
0x00007fff3d562000 	/System/Library/Frameworks/SecurityFoundation.framework/Versions/A/SecurityFoundation
0x00007fff67152000 	/usr/lib/libutil.dylib
0x00007fff495f2000 	/System/Library/PrivateFrameworks/CoreServicesStore.framework/Versions/A/CoreServicesStore
0x00007fff3d643000 	/System/Library/Frameworks/ServiceManagement.framework/Versions/A/ServiceManagement
0x00007fff455d2000 	/System/Library/PrivateFrameworks/BackgroundTaskManagement.framework/Versions/A/BackgroundTaskManagement
0x00007fff6724f000 	/usr/lib/libxslt.1.dylib
0x00007fff44495000 	/System/Library/PrivateFrameworks/AppleSystemInfo.framework/Versions/A/AppleSystemInfo
0x00007fff33cf2000 	/System/Library/Frameworks/ImageIO.framework/Versions/A/Resources/libJPEG.dylib
0x00007fff33fb1000 	/System/Library/Frameworks/ImageIO.framework/Versions/A/Resources/libTIFF.dylib
0x00007fff33f94000 	/System/Library/Frameworks/ImageIO.framework/Versions/A/Resources/libPng.dylib
0x00007fff33c33000 	/System/Library/Frameworks/ImageIO.framework/Versions/A/Resources/libGIF.dylib
0x00007fff33c37000 	/System/Library/Frameworks/ImageIO.framework/Versions/A/Resources/libJP2.dylib
0x00007fff33faf000 	/System/Library/Frameworks/ImageIO.framework/Versions/A/Resources/libRadiance.dylib
0x00007fff65af5000 	/usr/lib/libexpat.1.dylib
0x00007fff43f92000 	/System/Library/PrivateFrameworks/AppleJPEG.framework/Versions/A/AppleJPEG
0x00007fff4c80a000 	/System/Library/PrivateFrameworks/FontServices.framework/libFontParser.dylib
0x00007fff634d5000 	/System/Library/PrivateFrameworks/WatchdogClient.framework/Versions/A/WatchdogClient
0x00007fff54c61000 	/System/Library/PrivateFrameworks/IOAccelerator.framework/Versions/A/IOAccelerator
0x00007fff3635c000 	/System/Library/Frameworks/MetalPerformanceShaders.framework/Versions/A/MetalPerformanceShaders
0x00007fff51557000 	/System/Library/PrivateFrameworks/GPUWrangler.framework/Versions/A/GPUWrangler
0x00007fff54c6c000 	/System/Library/PrivateFrameworks/IOPresentment.framework/Versions/A/IOPresentment
0x00007fff4a2ca000 	/System/Library/PrivateFrameworks/DSExternalDisplay.framework/Versions/A/DSExternalDisplay
0x00007fff3a7f9000 	/System/Library/Frameworks/OpenGL.framework/Versions/A/Libraries/libCoreFSCache.dylib
0x00007fff360ad000 	/System/Library/Frameworks/MetalPerformanceShaders.framework/Frameworks/MPSCore.framework/Versions/A/MPSCore
0x00007fff360ea000 	/System/Library/Frameworks/MetalPerformanceShaders.framework/Frameworks/MPSImage.framework/Versions/A/MPSImage
0x00007fff361ad000 	/System/Library/Frameworks/MetalPerformanceShaders.framework/Frameworks/MPSNeuralNetwork.framework/Versions/A/MPSNeuralNetwork
0x00007fff36171000 	/System/Library/Frameworks/MetalPerformanceShaders.framework/Frameworks/MPSMatrix.framework/Versions/A/MPSMatrix
0x00007fff3630d000 	/System/Library/Frameworks/MetalPerformanceShaders.framework/Frameworks/MPSRayIntersector.framework/Versions/A/MPSRayIntersector
0x00007fff36197000 	/System/Library/Frameworks/MetalPerformanceShaders.framework/Frameworks/MPSNDArray.framework/Versions/A/MPSNDArray
0x00007fff56b6d000 	/System/Library/PrivateFrameworks/MetalTools.framework/Versions/A/MetalTools
0x00007fff432ce000 	/System/Library/PrivateFrameworks/AggregateDictionary.framework/Versions/A/AggregateDictionary
0x00007fff47db3000 	/System/Library/PrivateFrameworks/CoreAnalytics.framework/Versions/A/CoreAnalytics
0x00007fff443b3000 	/System/Library/PrivateFrameworks/AppleSauce.framework/Versions/A/AppleSauce
0x00007fff64add000 	/usr/lib/libIOReport.dylib
0x00007fff32beb000 	/System/Library/Frameworks/CoreVideo.framework/Versions/A/CoreVideo
0x00007fff52944000 	/System/Library/PrivateFrameworks/GraphVisualizer.framework/Versions/A/GraphVisualizer
0x00007fff4bd8c000 	/System/Library/PrivateFrameworks/FaceCore.framework/Versions/A/FaceCore
0x00007fff39e1a000 	/System/Library/Frameworks/OpenCL.framework/Versions/A/OpenCL
0x00007fff648ff000 	/usr/lib/libFosl_dynamic.dylib
0x00007fff57f85000 	/System/Library/PrivateFrameworks/OTSVG.framework/Versions/A/OTSVG
0x00007fff2ed21000 	/System/Library/Frameworks/ApplicationServices.framework/Versions/A/Frameworks/ATS.framework/Versions/A/Resources/libFontRegistry.dylib
0x00007fff4c9db000 	/System/Library/PrivateFrameworks/FontServices.framework/libhvf.dylib
0x00007fff3a804000 	/System/Library/Frameworks/OpenGL.framework/Versions/A/Libraries/libGFXShared.dylib
0x00007fff3a9e1000 	/System/Library/Frameworks/OpenGL.framework/Versions/A/Libraries/libGLU.dylib
0x00007fff3a80d000 	/System/Library/Frameworks/OpenGL.framework/Versions/A/Libraries/libGL.dylib
0x00007fff3a818000 	/System/Library/Frameworks/OpenGL.framework/Versions/A/Libraries/libGLImage.dylib
0x00007fff3a7f6000 	/System/Library/Frameworks/OpenGL.framework/Versions/A/Libraries/libCVMSPluginSupport.dylib
0x00007fff3a7ff000 	/System/Library/Frameworks/OpenGL.framework/Versions/A/Libraries/libCoreVMClient.dylib
0x00007fff66535000 	/usr/lib/libncurses.5.4.dylib
0x00007fff2ec1d000 	/System/Library/Frameworks/ApplicationServices.framework/Versions/A/Frameworks/ATS.framework/Versions/A/ATS
0x00007fff2edea000 	/System/Library/Frameworks/ApplicationServices.framework/Versions/A/Frameworks/ColorSyncLegacy.framework/Versions/A/ColorSyncLegacy
0x00007fff2ee89000 	/System/Library/Frameworks/ApplicationServices.framework/Versions/A/Frameworks/HIServices.framework/Versions/A/HIServices
0x00007fff2eee0000 	/System/Library/Frameworks/ApplicationServices.framework/Versions/A/Frameworks/LangAnalysis.framework/Versions/A/LangAnalysis
0x00007fff2eeef000 	/System/Library/Frameworks/ApplicationServices.framework/Versions/A/Frameworks/PrintCore.framework/Versions/A/PrintCore
0x00007fff2ef35000 	/System/Library/Frameworks/ApplicationServices.framework/Versions/A/Frameworks/QD.framework/Versions/A/QD
0x00007fff2ef40000 	/System/Library/Frameworks/ApplicationServices.framework/Versions/A/Frameworks/SpeechSynthesis.framework/Versions/A/SpeechSynthesis
0x00007fff2edba000 	/System/Library/Frameworks/ApplicationServices.framework/Versions/A/Frameworks/ATSUI.framework/Versions/A/ATSUI
0x00007fff65989000 	/usr/lib/libcups.2.dylib
0x00007fff35415000 	/System/Library/Frameworks/Kerberos.framework/Versions/A/Kerberos
0x00007fff336ca000 	/System/Library/Frameworks/GSS.framework/Versions/A/GSS
0x00007fff66ca3000 	/usr/lib/libresolv.9.dylib
0x00007fff52ae5000 	/System/Library/PrivateFrameworks/Heimdal.framework/Versions/A/Heimdal
0x00007fff35428000 	/System/Library/Frameworks/Kerberos.framework/Versions/A/Libraries/libHeimdalProxy.dylib
0x00007fff65b33000 	/usr/lib/libheimdal-asn1.dylib
0x00007fff47279000 	/System/Library/PrivateFrameworks/CommonAuth.framework/Versions/A/CommonAuth
0x00007fff44532000 	/System/Library/PrivateFrameworks/AssertionServices.framework/Versions/A/AssertionServices
0x00007fff450c8000 	/System/Library/PrivateFrameworks/AudioToolboxCore.framework/Versions/A/AudioToolboxCore
0x00007fff6412d000 	/System/Library/PrivateFrameworks/caulk.framework/Versions/A/caulk
0x00007fff4567e000 	/System/Library/PrivateFrameworks/BaseBoard.framework/Versions/A/BaseBoard
0x00007fff5c05d000 	/System/Library/PrivateFrameworks/RunningBoardServices.framework/Versions/A/RunningBoardServices
0x00007fff59150000 	/System/Library/PrivateFrameworks/PersistentConnection.framework/Versions/A/PersistentConnection
0x00007fff5ba6a000 	/System/Library/PrivateFrameworks/ProtocolBuffer.framework/Versions/A/ProtocolBuffer
0x00007fff47296000 	/System/Library/PrivateFrameworks/CommonUtilities.framework/Versions/A/CommonUtilities
0x00007fff457fd000 	/System/Library/PrivateFrameworks/Bom.framework/Versions/A/Bom
0x00007fff647ae000 	/usr/lib/libAudioToolboxUtility.dylib
0x00007fff455dc000 	/System/Library/PrivateFrameworks/Backup.framework/Versions/A/Backup
0x00007fff4a039000 	/System/Library/PrivateFrameworks/CrashReporterSupport.framework/Versions/A/CrashReporterSupport
0x00007fff5dae6000 	/System/Library/PrivateFrameworks/Sharing.framework/Versions/A/Sharing
0x00007fff43cdf000 	/System/Library/PrivateFrameworks/Apple80211.framework/Versions/A/Apple80211
0x00007fff45304000 	/System/Library/PrivateFrameworks/AuthKit.framework/Versions/A/AuthKit
0x00007fff49d67000 	/System/Library/PrivateFrameworks/CoreUtils.framework/Versions/A/CoreUtils
0x00007fff32c30000 	/System/Library/Frameworks/CoreWLAN.framework/Versions/A/CoreWLAN
0x00007fff33833000 	/System/Library/Frameworks/IOBluetooth.framework/Versions/A/IOBluetooth
0x00007fff56e6b000 	/System/Library/PrivateFrameworks/MobileKeyBag.framework/Versions/A/MobileKeyBag
0x00007fff48e48000 	/System/Library/PrivateFrameworks/CorePhoneNumbers.framework/Versions/A/CorePhoneNumbers
0x00007fff43f45000 	/System/Library/PrivateFrameworks/AppleIDAuthSupport.framework/Versions/A/AppleIDAuthSupport
0x00007fff372b0000 	/System/Library/Frameworks/Network.framework/Versions/A/Network
0x00007fff55457000 	/System/Library/PrivateFrameworks/KeychainCircle.framework/Versions/A/KeychainCircle
0x00007fff306bd000 	/System/Library/Frameworks/CoreBluetooth.framework/Versions/A/CoreBluetooth
0x00007fff5f740000 	/System/Library/PrivateFrameworks/SpeechRecognitionCore.framework/Versions/A/SpeechRecognitionCore
0x0000000109a00000 	/Library/Java/JavaVirtualMachines/jdk-13.jdk/Contents/Home/lib/server/libjvm.dylib
0x0000000109076000 	/Library/Java/JavaVirtualMachines/jdk-13.jdk/Contents/Home/lib/libverify.dylib
0x0000000109082000 	/Library/Java/JavaVirtualMachines/jdk-13.jdk/Contents/Home/lib/libjava.dylib
0x0000000109108000 	/Library/Java/JavaVirtualMachines/jdk-13.jdk/Contents/Home/lib/libzip.dylib
0x000000010910f000 	/Library/Java/JavaVirtualMachines/jdk-13.jdk/Contents/Home/lib/libjimage.dylib
0x000000012b873000 	/Library/Java/JavaVirtualMachines/jdk-13.jdk/Contents/Home/lib/libnio.dylib
0x000000012b881000 	/Library/Java/JavaVirtualMachines/jdk-13.jdk/Contents/Home/lib/libnet.dylib


VM Arguments:
jvm_args: -Dfile.encoding=UTF-8 
java_command: org.apache.catalina.startup.Tomcat$1
java_class_path (initial): /Users/nicholascashiola/Documents/CSCE315/csce_315_hci_project/CSCE-315-Project-2/proj/csce_hci_proj/target/classes:/Users/nicholascashiola/Documents/apache-tomcat-8.5.47/lib/tomcat-i18n-ko.jar:/Users/nicholascashiola/Documents/apache-tomcat-8.5.47/lib/el-api.jar:/Users/nicholascashiola/Documents/apache-tomcat-8.5.47/lib/tomcat-i18n-es.jar:/Users/nicholascashiola/Documents/apache-tomcat-8.5.47/lib/tomcat-websocket.jar:/Users/nicholascashiola/Documents/apache-tomcat-8.5.47/lib/jasper.jar:/Users/nicholascashiola/Documents/apache-tomcat-8.5.47/lib/jasper-el.jar:/Users/nicholascashiola/Documents/apache-tomcat-8.5.47/lib/tomcat-util.jar:/Users/nicholascashiola/Documents/apache-tomcat-8.5.47/lib/tomcat-i18n-de.jar:/Users/nicholascashiola/Documents/apache-tomcat-8.5.47/lib/catalina-storeconfig.jar:/Users/nicholascashiola/Documents/apache-tomcat-8.5.47/lib/jsp-api.jar:/Users/nicholascashiola/Documents/apache-tomcat-8.5.47/lib/catalina-tribes.jar:/Users/nicholascashiola/Documents/apache-tomcat-8.5.47/lib/catalina.jar:/Users/nicholascashiola/Documents/apache-tomcat-8.5.47/lib/tomcat-jni.jar:/Users/nicholascashiola/Documents/apache-tomcat-8.5.47/lib/websocket-api.jar:/Users/nicholascashiola/Documents/apache-tomcat-8.5.47/lib/tomcat-coyote.jar:/Users/nicholascashiola/Documents/apache-tomcat-8.5.47/lib/catalina-ha.jar:/Users/nicholascashiola/Documents/apache-tomcat-8.5.47/lib/tomcat-api.jar:/Users/nicholascashiola/Documents/apache-tomcat-8.5.47/lib/annotations-api.jar:/Users/nicholascashiola/Documents/apache-tomcat-8.5.47/lib/jaspic-api.jar:/Users/nicholascashiola/Documents/apache-tomcat-8.5.47/lib/tomcat-i18n-zh-CN.jar:/Users/nicholascashiola/Documents/apache-tomcat-8.5.47/lib/catalina-ant.jar:/Users/nicholascashiola/Documents/apache-tomcat-8.5.47/lib/ecj-4.6.3.jar:/Users/nicholascashiola/Documents/apache-tomcat-8.5.47/lib/servlet-api.jar:/Users/nicholascashiola/Documents/apache-tomcat-8.5.47/lib/tomcat-util-scan.jar:/Users/nicholascashiola/Document
Launcher Type: SUN_STANDARD

[Global flags]
     intx CICompilerCount                          = 3                                         {product} {ergonomic}
     uint ConcGCThreads                            = 1                                         {product} {ergonomic}
     uint G1ConcRefinementThreads                  = 4                                         {product} {ergonomic}
   size_t G1HeapRegionSize                         = 1048576                                   {product} {ergonomic}
    uintx GCDrainStackTargetSize                   = 64                                        {product} {ergonomic}
   size_t InitialHeapSize                          = 134217728                                 {product} {ergonomic}
   size_t MarkStackSize                            = 4194304                                   {product} {ergonomic}
   size_t MaxHeapSize                              = 2147483648                                {product} {ergonomic}
   size_t MaxNewSize                               = 1287651328                                {product} {ergonomic}
   size_t MinHeapDeltaBytes                        = 1048576                                   {product} {ergonomic}
   size_t MinHeapSize                              = 8388608                                   {product} {ergonomic}
    uintx NonNMethodCodeHeapSize                   = 5830732                                {pd product} {ergonomic}
    uintx NonProfiledCodeHeapSize                  = 122913754                              {pd product} {ergonomic}
    uintx ProfiledCodeHeapSize                     = 122913754                              {pd product} {ergonomic}
    uintx ReservedCodeCacheSize                    = 251658240                              {pd product} {ergonomic}
     bool SegmentedCodeCache                       = true                                      {product} {ergonomic}
   size_t SoftMaxHeapSize                          = 2147483648                             {manageable} {ergonomic}
     bool UseCompressedClassPointers               = true                                 {lp64_product} {ergonomic}
     bool UseCompressedOops                        = true                                 {lp64_product} {ergonomic}
     bool UseG1GC                                  = true                                      {product} {ergonomic}

Logging:
Log output configuration:
 #0: stdout all=warning uptime,level,tags
 #1: stderr all=off uptime,level,tags

Environment Variables:
PATH=/usr/bin:/bin:/usr/sbin:/sbin
SHELL=/bin/bash
DISPLAY=/private/tmp/com.apple.launchd.uDN0Q1KI3h/org.macosforge.xquartz:0

Signal Handlers:
SIGSEGV: [libjvm.dylib+0x781750], sa_mask[0]=11111111011111110111111111111111, sa_flags=SA_ONSTACK|SA_RESTART|SA_SIGINFO
SIGBUS: [libjvm.dylib+0x781750], sa_mask[0]=11111111011111110111111111111111, sa_flags=SA_RESTART|SA_SIGINFO
SIGFPE: [libjvm.dylib+0x781750], sa_mask[0]=11111111011111110111111111111111, sa_flags=SA_RESTART|SA_SIGINFO
SIGPIPE: [libjvm.dylib+0x62815d], sa_mask[0]=11111111011111110111111111111111, sa_flags=SA_RESTART|SA_SIGINFO
SIGXFSZ: [libjvm.dylib+0x62815d], sa_mask[0]=11111111011111110111111111111111, sa_flags=SA_RESTART|SA_SIGINFO
SIGILL: [libjvm.dylib+0x781750], sa_mask[0]=11111111011111110111111111111111, sa_flags=SA_RESTART|SA_SIGINFO
SIGUSR2: [libjvm.dylib+0x628747], sa_mask[0]=00100000000000000000000000000000, sa_flags=SA_RESTART|SA_SIGINFO
SIGHUP: [libjvm.dylib+0x627735], sa_mask[0]=11111111011111110111111111111111, sa_flags=SA_RESTART|SA_SIGINFO
SIGINT: [libjvm.dylib+0x627735], sa_mask[0]=11111111011111110111111111111111, sa_flags=SA_RESTART|SA_SIGINFO
SIGTERM: [libjvm.dylib+0x627735], sa_mask[0]=11111111011111110111111111111111, sa_flags=SA_RESTART|SA_SIGINFO
SIGQUIT: [libjvm.dylib+0x627735], sa_mask[0]=11111111011111110111111111111111, sa_flags=SA_RESTART|SA_SIGINFO


---------------  S Y S T E M  ---------------

OS:uname:Darwin 19.0.0 Darwin Kernel Version 19.0.0: Wed Sep 25 20:18:50 PDT 2019; root:xnu-6153.11.26~2/RELEASE_X86_64 x86_64
rlimit: STACK 8192k, CORE 0k, NPROC 1392, NOFILE 10240, AS infinity, DATA infinity, FSIZE infinity
load average:2.47 2.68 2.73

CPU:total 4 (initial active 4) (2 cores per cpu, 2 threads per core) family 6 model 142 stepping 9, cmov, cx8, fxsr, mmx, sse, sse2, sse3, ssse3, sse4.1, sse4.2, popcnt, avx, avx2, aes, clmul, erms, 3dnowpref, lzcnt, ht, tsc, tscinvbit, bmi1, bmi2, adx, fma

Memory: 4k page, physical 8388608k(220836k free), swap 3145728k(1367552k free)

vm_info: Java HotSpot(TM) 64-Bit Server VM (13+33) for bsd-amd64 JRE (13+33), built on Sep 18 2019 20:37:30 by "mach5one" with clang 4.2.1 Compatible Apple LLVM 10.0.0 (clang-1000.11.45.5)

END.
